\BOOKMARK [-1][-]{section*.2}{\376\377\000A\000l\000g\000e\000b\000r\000a}{}% 1
\BOOKMARK [0][-]{chapter.1}{\376\377\000P\000r\000e\000l\000i\000n\000i\000n\000a\000r\000y}{section*.2}% 2
\BOOKMARK [0][-]{chapter.2}{\376\377\000G\000r\000o\000u\000p\000\040\000T\000h\000e\000o\000r\000y}{section*.2}% 3
\BOOKMARK [1][-]{section.2.1}{\376\377\000G\000e\000n\000e\000r\000a\000l\000\040\000P\000r\000o\000p\000e\000r\000t\000i\000e\000s}{chapter.2}% 4
\BOOKMARK [1][-]{section.2.2}{\376\377\000C\000y\000c\000l\000i\000c\000\040\000G\000r\000o\000u\000p}{chapter.2}% 5
\BOOKMARK [1][-]{section.2.3}{\376\377\000N\000o\000r\000m\000a\000l\000\040\000S\000u\000b\000g\000r\000o\000u\000p}{chapter.2}% 6
\BOOKMARK [1][-]{section.2.4}{\376\377\000I\000s\000o\000m\000o\000r\000p\000h\000i\000s\000m\000\040\000T\000h\000e\000o\000r\000e\000m\000s}{chapter.2}% 7
\BOOKMARK [1][-]{section.2.5}{\376\377\000G\000r\000o\000u\000p\000\040\000A\000c\000t\000i\000o\000n}{chapter.2}% 8
\BOOKMARK [1][-]{section.2.6}{\376\377\000A\000u\000t\000o\000m\000o\000r\000p\000h\000i\000s\000m}{chapter.2}% 9
\BOOKMARK [1][-]{section.2.7}{\376\377\000C\000o\000m\000m\000u\000t\000a\000t\000o\000r\000\040\000S\000u\000b\000g\000r\000o\000u\000p}{chapter.2}% 10
\BOOKMARK [1][-]{section.2.8}{\376\377\000F\000r\000e\000e\000\040\000G\000r\000o\000u\000p}{chapter.2}% 11
\BOOKMARK [0][-]{chapter.3}{\376\377\000F\000i\000n\000i\000t\000e\000\040\000G\000r\000o\000u\000p\000\040\000T\000h\000e\000o\000r\000y}{section*.2}% 12
\BOOKMARK [1][-]{section.3.1}{\376\377\000C\000l\000a\000s\000s\000\040\000E\000q\000u\000a\000t\000i\000o\000n}{chapter.3}% 13
\BOOKMARK [1][-]{section.3.2}{\376\377\000S\000y\000l\000o\000w\000\040\000T\000h\000e\000o\000r\000e\000m}{chapter.3}% 14
\BOOKMARK [1][-]{section.3.3}{\376\377\000p\000-\000G\000r\000o\000u\000p}{chapter.3}% 15
\BOOKMARK [2][-]{subsection.3.3.1}{\376\377\000E\000x\000i\000s\000t\000e\000n\000c\000e\000\040\000o\000f\000\040\000p\000-\000S\000u\000b\000g\000r\000o\000u\000p}{section.3.3}% 16
\BOOKMARK [1][-]{section.3.4}{\376\377\000H\000\366\000l\000d\000e\000r\000\040\000p\000r\000o\000g\000r\000a\000m}{chapter.3}% 17
\BOOKMARK [0][-]{chapter.4}{\376\377\000R\000i\000n\000g\000\040\000T\000h\000e\000o\000r\000y}{section*.2}% 18
\BOOKMARK [1][-]{section.4.1}{\376\377\000I\000d\000e\000a\000l}{chapter.4}% 19
\BOOKMARK [1][-]{section.4.2}{\376\377\000R\000i\000n\000g\000\040\000o\000f\000\040\000F\000r\000a\000c\000t\000i\000o\000n\000s}{chapter.4}% 20
\BOOKMARK [1][-]{section.4.3}{\376\377\000C\000o\000m\000m\000u\000t\000a\000t\000i\000v\000e\000\040\000R\000i\000n\000g\000\040\000w\000i\000t\000h\000\040\000U\000n\000i\000t\000y}{chapter.4}% 21
\BOOKMARK [0][-]{chapter.5}{\376\377\000P\000o\000l\000y\000n\000o\000m\000i\000a\000l\000\040\000R\000i\000n\000g\000\040\000T\000h\000e\000o\000r\000y}{section*.2}% 22
\BOOKMARK [0][-]{chapter.6}{\376\377\000M\000o\000d\000u\000l\000e\000\040\000T\000h\000e\000o\000r\000y}{section*.2}% 23
\BOOKMARK [1][-]{section.6.1}{\376\377\000B\000a\000s\000i\000c\000\040\000D\000e\000f\000i\000n\000i\000t\000i\000o\000n\000s}{chapter.6}% 24
\BOOKMARK [1][-]{section.6.2}{\376\377\000M\000o\000d\000u\000l\000e\000\040\000o\000f\000\040\000M\000o\000d\000u\000l\000e\000-\000H\000o\000m\000o\000m\000o\000r\000p\000h\000i\000s\000m}{chapter.6}% 25
\BOOKMARK [1][-]{section.6.3}{\376\377\000D\000i\000r\000e\000c\000t\000\040\000S\000u\000m\000\040\000o\000f\000\040\000M\000o\000d\000u\000l\000e\000s}{chapter.6}% 26
\BOOKMARK [0][-]{chapter.7}{\376\377\000V\000e\000c\000t\000o\000r\000\040\000S\000p\000a\000c\000e\000\040\000T\000h\000e\000o\000r\000y}{section*.2}% 27
\BOOKMARK [1][-]{section.7.1}{\376\377\000V\000e\000c\000t\000o\000r\000\040\000S\000p\000a\000c\000e}{chapter.7}% 28
\BOOKMARK [1][-]{section.7.2}{\376\377\000L\000i\000n\000e\000a\000r\000l\000y\000\040\000i\000n\000d\000e\000p\000e\000n\000d\000e\000n\000t}{chapter.7}% 29
\BOOKMARK [1][-]{section.7.3}{\376\377\000B\000a\000s\000i\000s}{chapter.7}% 30
\BOOKMARK [1][-]{section.7.4}{\376\377\000\040\000E\000x\000i\000s\000t\000e\000n\000c\000e\000\040\000o\000f\000\040\000B\000a\000s\000i\000s}{chapter.7}% 31
\BOOKMARK [1][-]{section.7.5}{\376\377\000L\000i\000n\000e\000a\000r\000\040\000M\000a\000p}{chapter.7}% 32
\BOOKMARK [1][-]{section.7.6}{\376\377\000D\000i\000r\000e\000c\000t\000\040\000S\000u\000m\000\040\000a\000n\000d\000\040\000P\000r\000o\000j\000e\000c\000t\000i\000o\000n}{chapter.7}% 33
\BOOKMARK [0][-]{chapter.8}{\376\377\000F\000i\000e\000l\000d\000\040\000T\000h\000e\000o\000r\000y}{section*.2}% 34
\BOOKMARK [0][-]{chapter.9}{\376\377\000G\000a\000l\000o\000i\000s\000\040\000T\000h\000e\000o\000r\000y}{section*.2}% 35
\BOOKMARK [-1][-]{section*.3}{\376\377\000N\000u\000m\000b\000e\000r\000\040\000T\000h\000e\000o\000r\000y}{}% 36
\BOOKMARK [0][-]{chapter.10}{\376\377\000N\000u\000m\000b\000e\000r\000\040\000T\000h\000e\000o\000r\000y}{section*.3}% 37
\BOOKMARK [1][-]{section.10.1}{\376\377\000D\000e\000f\000i\000n\000i\000t\000i\000o\000n}{chapter.10}% 38
\BOOKMARK [1][-]{section.10.2}{\376\377\000T\000h\000e\000\040\000D\000i\000v\000i\000s\000i\000o\000n\000\040\000A\000l\000g\000o\000r\000i\000t\000h\000m}{chapter.10}% 39
\BOOKMARK [1][-]{section.10.3}{\376\377\000B\000\351\000z\000o\000u\000t\000'\000s\000\040\000I\000d\000e\000n\000t\000i\000t\000y}{chapter.10}% 40
\BOOKMARK [2][-]{subsection.10.3.1}{\376\377\000E\000x\000t\000e\000n\000d\000e\000d\000\040\000E\000u\000c\000l\000i\000d\000e\000a\000n\000\040\000A\000l\000g\000o\000r\000i\000t\000h\000m}{section.10.3}% 41
\BOOKMARK [-1][-]{section*.6}{\376\377\000L\000i\000n\000e\000a\000r\000\040\000A\000l\000g\000e\000b\000r\000a}{}% 42
\BOOKMARK [-1][-]{section*.7}{\376\377\000T\000o\000p\000o\000l\000o\000g\000y}{}% 43
\BOOKMARK [0][-]{chapter.11}{\376\377\000G\000e\000n\000e\000r\000a\000l\000\040\000T\000o\000p\000o\000l\000o\000g\000y}{section*.7}% 44
\BOOKMARK [1][-]{section.11.1}{\376\377\000T\000o\000p\000o\000l\000o\000g\000y}{chapter.11}% 45
\BOOKMARK [1][-]{section.11.2}{\376\377\000B\000a\000s\000i\000s}{chapter.11}% 46
\BOOKMARK [1][-]{section.11.3}{\376\377\000S\000u\000b\000s\000p\000a\000c\000e}{chapter.11}% 47
\BOOKMARK [1][-]{section.11.4}{\376\377\000P\000r\000o\000d\000u\000c\000t\000\040\000S\000p\000a\000c\000e}{chapter.11}% 48
\BOOKMARK [1][-]{section.11.5}{\376\377\000T\000o\000p\000o\000l\000o\000g\000i\000c\000a\000l\000\040\000M\000a\000p}{chapter.11}% 49
\BOOKMARK [1][-]{section.11.6}{\376\377\000S\000e\000p\000a\000r\000a\000t\000i\000o\000n\000\040\000A\000x\000i\000o\000m}{chapter.11}% 50
\BOOKMARK [1][-]{section.11.7}{\376\377\000C\000o\000m\000p\000a\000c\000t\000n\000e\000s\000s}{chapter.11}% 51
\BOOKMARK [1][-]{section.11.8}{\376\377\000C\000o\000n\000n\000e\000c\000t\000e\000d\000n\000e\000s\000s}{chapter.11}% 52
\BOOKMARK [1][-]{section.11.9}{\376\377\000T\000i\000e\000t\000z\000e\000\040\000E\000x\000t\000e\000n\000s\000i\000o\000n\000\040\000T\000h\000e\000o\000r\000e\000m}{chapter.11}% 53
\BOOKMARK [0][-]{chapter.12}{\376\377\000M\000e\000t\000r\000i\000c\000\040\000S\000p\000a\000c\000e}{section*.7}% 54
\BOOKMARK [1][-]{section.12.1}{\376\377\000M\000e\000t\000r\000i\000c\000\040\000S\000p\000a\000c\000e}{chapter.12}% 55
\BOOKMARK [1][-]{section.12.2}{\376\377\000C\000o\000m\000p\000a\000c\000t\000\040\000M\000e\000t\000r\000i\000c\000\040\000S\000p\000a\000c\000e}{chapter.12}% 56
\BOOKMARK [1][-]{section.12.3}{\376\377\000C\000o\000m\000p\000l\000e\000t\000e\000\040\000M\000e\000t\000r\000i\000c\000\040\000S\000p\000a\000c\000e}{chapter.12}% 57
\BOOKMARK [1][-]{section.12.4}{\376\377\000U\000r\000y\000s\000o\000n\000\040\000M\000e\000t\000r\000i\000z\000a\000t\000i\000o\000n\000\040\000T\000h\000e\000o\000r\000e\000m}{chapter.12}% 58
\BOOKMARK [0][-]{chapter.13}{\376\377\000G\000e\000o\000m\000e\000t\000r\000i\000c\000\040\000T\000o\000p\000o\000l\000o\000g\000y}{section*.7}% 59
\BOOKMARK [1][-]{section.13.1}{\376\377\000Q\000u\000o\000t\000i\000e\000n\000t\000\040\000S\000p\000a\000c\000e}{chapter.13}% 60
\BOOKMARK [1][-]{section.13.2}{\376\377\000M\000a\000n\000i\000f\000o\000l\000d}{chapter.13}% 61
\BOOKMARK [0][-]{chapter.14}{\376\377\000A\000l\000g\000e\000b\000r\000a\000i\000c\000\040\000T\000o\000p\000o\000l\000o\000g\000y}{section*.7}% 62
\BOOKMARK [1][-]{section.14.1}{\376\377\000H\000o\000m\000o\000t\000o\000p\000y}{chapter.14}% 63
\BOOKMARK [1][-]{section.14.2}{\376\377\000F\000u\000n\000d\000a\000m\000e\000n\000t\000a\000l\000\040\000G\000r\000o\000u\000p}{chapter.14}% 64
\BOOKMARK [-1][-]{section*.8}{\376\377\000A\000n\000a\000l\000y\000s\000i\000s}{}% 65
\BOOKMARK [0][-]{chapter.15}{\376\377\000B\000a\000s\000i\000c\000\040\000A\000n\000a\000l\000y\000s\000i\000s}{section*.8}% 66
\BOOKMARK [1][-]{section.15.1}{\376\377\000R\000e\000a\000l\000\040\000N\000u\000m\000b\000e\000r\000s}{chapter.15}% 67
\BOOKMARK [1][-]{section.15.2}{\376\377\000B\000a\000s\000i\000c\000\040\000T\000o\000p\000o\000l\000o\000g\000y\000\040\000o\000n\000\040\000R}{chapter.15}% 68
\BOOKMARK [2][-]{subsection.15.2.1}{\376\377\000R\000e\000p\000r\000e\000s\000e\000n\000t\000a\000t\000i\000o\000n\000\040\000T\000h\000e\000o\000r\000e\000m\000\040\000f\000o\000r\000\040\000o\000p\000e\000n\000\040\000s\000e\000t\000s\000\040\000o\000n\000\040\000R}{section.15.2}% 69
\BOOKMARK [1][-]{section.15.3}{\376\377\000S\000e\000q\000u\000e\000n\000c\000e}{chapter.15}% 70
\BOOKMARK [1][-]{section.15.4}{\376\377\000S\000e\000r\000i\000e\000s}{chapter.15}% 71
\BOOKMARK [1][-]{section.15.5}{\376\377\000D\000i\000f\000f\000e\000r\000e\000n\000t\000i\000a\000t\000i\000o\000n}{chapter.15}% 72
\BOOKMARK [1][-]{section.15.6}{\376\377\000R\000i\000e\000m\000a\000n\000n\000\040\000I\000n\000t\000e\000g\000r\000a\000l}{chapter.15}% 73
\BOOKMARK [1][-]{section.15.7}{\376\377\000S\000e\000q\000u\000e\000n\000c\000e\000\040\000o\000f\000\040\000F\000u\000n\000c\000t\000i\000o\000n\000s}{chapter.15}% 74
\BOOKMARK [0][-]{chapter.16}{\376\377\000M\000e\000a\000s\000u\000r\000e\000\040\000T\000h\000e\000o\000r\000y}{section*.8}% 75
\BOOKMARK [1][-]{section.16.1}{\376\377\000S\000i\000g\000m\000a\000\040\000A\000l\000g\000e\000b\000r\000a}{chapter.16}% 76
\BOOKMARK [1][-]{section.16.2}{\376\377\000M\000e\000a\000s\000u\000r\000a\000b\000l\000e}{chapter.16}% 77
\BOOKMARK [1][-]{section.16.3}{\376\377\000L\000e\000b\000e\000s\000g\000u\000e\000\040\000I\000n\000t\000e\000g\000r\000a\000l}{chapter.16}% 78
\BOOKMARK [0][-]{chapter.17}{\376\377\000C\000o\000m\000p\000l\000e\000x\000\040\000A\000n\000a\000l\000y\000s\000i\000s}{section*.8}% 79
\BOOKMARK [1][-]{section.17.1}{\376\377\000P\000r\000e\000l\000i\000m\000i\000n\000a\000r\000y}{chapter.17}% 80
\BOOKMARK [2][-]{subsection.17.1.1}{\376\377\000A\000l\000g\000e\000b\000r\000a\000\040\000o\000n\000\040\000C\000o\000m\000p\000l\000e\000x\000\040\000N\000u\000m\000b\000e\000r\000s}{section.17.1}% 81
\BOOKMARK [2][-]{subsection.17.1.2}{\376\377\000I\000n\000e\000q\000u\000a\000l\000i\000t\000y}{section.17.1}% 82
\BOOKMARK [2][-]{subsection.17.1.3}{\376\377\000G\000e\000o\000m\000e\000o\000t\000r\000i\000c\000\040\000R\000e\000p\000r\000e\000s\000e\000n\000t\000a\000t\000i\000o\000n}{section.17.1}% 83
\BOOKMARK [1][-]{section.17.2}{\376\377\000A\000n\000a\000l\000y\000t\000i\000c\000\040\000F\000u\000n\000t\000i\000o\000n\000s}{chapter.17}% 84
\BOOKMARK [1][-]{section.17.3}{\376\377\000E\000l\000e\000m\000e\000n\000t\000a\000r\000y\000\040\000F\000u\000n\000c\000t\000i\000o\000n\000s}{chapter.17}% 85
\BOOKMARK [1][-]{section.17.4}{\376\377\000C\000o\000m\000p\000l\000e\000x\000\040\000I\000n\000t\000e\000g\000r\000a\000l}{chapter.17}% 86
\BOOKMARK [0][-]{chapter.18}{\376\377\000F\000o\000u\000r\000i\000e\000r\000\040\000A\000n\000a\000l\000y\000s\000i\000s}{section*.8}% 87
\BOOKMARK [0][-]{chapter.19}{\376\377\000A\000n\000a\000l\000y\000s\000i\000s\000\040\000o\000n\000\040\000M\000a\000n\000i\000f\000o\000l\000d\000s}{section*.8}% 88
\BOOKMARK [1][-]{section.19.1}{\376\377\000B\000a\000s\000i\000c\000\040\000D\000e\000f\000i\000n\000i\000t\000i\000o\000n}{chapter.19}% 89
\BOOKMARK [-1][-]{section*.9}{\376\377\000D\000i\000f\000f\000e\000r\000e\000n\000t\000i\000a\000l\000\040\000G\000e\000o\000m\000e\000t\000r\000y}{}% 90
\BOOKMARK [-1][-]{section*.10}{\376\377\000D\000i\000f\000f\000e\000r\000e\000n\000t\000i\000a\000l\000\040\000E\000q\000u\000a\000t\000i\000o\000n}{}% 91
\BOOKMARK [-1][-]{section*.11}{}{}% 92
