This is XeTeX, Version 3.141592653-2.6-0.999997 (TeX Live 2025/Homebrew) (preloaded format=xelatex 2025.3.15)  13 FEB 2026 14:14
entering extended mode
 restricted \write18 enabled.
 file:line:error style messages enabled.
 %&-line parsing enabled.
**/Users/persist/Desktop/My_Mathematics_Book/tryfont
(/Users/persist/Desktop/My_Mathematics_Book/tryfont.tex
LaTeX2e <2024-11-01> patch level 2
L3 programming layer <2025-01-18>
(/opt/homebrew/Cellar/texlive/20250308_1/share/texmf-dist/tex/latex/base/article.cls
Document Class: article 2024/06/29 v1.4n Standard LaTeX document class
(/opt/homebrew/Cellar/texlive/20250308_1/share/texmf-dist/tex/latex/base/size10.clo
File: size10.clo 2024/06/29 v1.4n Standard LaTeX file (size option)
)
\c@part=\count192
\c@section=\count193
\c@subsection=\count194
\c@subsubsection=\count195
\c@paragraph=\count196
\c@subparagraph=\count197
\c@figure=\count198
\c@table=\count199
\abovecaptionskip=\skip49
\belowcaptionskip=\skip50
\bibindent=\dimen141
) (/opt/homebrew/Cellar/texlive/20250308_1/share/texmf-dist/tex/latex/bookhands/tgothic.sty
Package: tgothic 2002/12/30 v1.0 package for Gothic Textura fonts
) (/opt/homebrew/Cellar/texlive/20250308_1/share/texmf-dist/tex/latex/l3backend/l3backend-xetex.def
File: l3backend-xetex.def 2024-05-08 L3 backend support: XeTeX
\g__graphics_track_int=\count266
\l__pdf_internal_box=\box52
\g__pdf_backend_annotation_int=\count267
\g__pdf_backend_link_int=\count268
) (./tryfont.aux)
\openout1 = `tryfont.aux'.

LaTeX Font Info:    Checking defaults for OML/cmm/m/it on input line 57.
LaTeX Font Info:    ... okay on input line 57.
LaTeX Font Info:    Checking defaults for OMS/cmsy/m/n on input line 57.
LaTeX Font Info:    ... okay on input line 57.
LaTeX Font Info:    Checking defaults for OT1/cmr/m/n on input line 57.
LaTeX Font Info:    ... okay on input line 57.
LaTeX Font Info:    Checking defaults for T1/cmr/m/n on input line 57.
LaTeX Font Info:    ... okay on input line 57.
LaTeX Font Info:    Checking defaults for TS1/cmr/m/n on input line 57.
LaTeX Font Info:    ... okay on input line 57.
LaTeX Font Info:    Checking defaults for TU/lmr/m/n on input line 57.
LaTeX Font Info:    ... okay on input line 57.
LaTeX Font Info:    Checking defaults for OMX/cmex/m/n on input line 57.
LaTeX Font Info:    ... okay on input line 57.
LaTeX Font Info:    Checking defaults for U/cmr/m/n on input line 57.
LaTeX Font Info:    ... okay on input line 57.
LaTeX Font Info:    External font `cmex10' loaded for size
(Font)              <12> on input line 58.
LaTeX Font Info:    External font `cmex10' loaded for size
(Font)              <8> on input line 58.
LaTeX Font Info:    External font `cmex10' loaded for size
(Font)              <6> on input line 58.
LaTeX Font Info:    Trying to load font information for OT1+tgoth on input line 68.
 (/opt/homebrew/Cellar/texlive/20250308_1/share/texmf-dist/tex/latex/bookhands/ot1tgoth.fd)
Missing character: There is no ( ("28) in font tgothr17!
Missing character: There is no ) ("29) in font tgothr17!
Missing character: There is no [ ("5B) in font tgothr17!
Missing character: There is no ] ("5D) in font tgothr17!
Missing character: There is no ( ("28) in font tgothr10!
Missing character: There is no ) ("29) in font tgothr10!
Missing character: There is no [ ("5B) in font tgothr10!
Missing character: There is no ] ("5D) in font tgothr10!

LaTeX Font Warning: Font shape `OT1/tgoth/b/n' in size <10> not available
(Font)              Font shape `OT1/tgoth/bx/n' tried instead on input line 79.


LaTeX Font Warning: Font shape `OT1/tgoth/b/n' in size <24.88> not available
(Font)              Font shape `OT1/tgoth/bx/n' tried instead on input line 87.


LaTeX Font Warning: Font shape `OT1/tgoth/b/n' in size <5> not available
(Font)              Font shape `OT1/tgoth/bx/n' tried instead on input line 88.



[1

]

[2] (./tryfont.aux)
 ***********
LaTeX2e <2024-11-01> patch level 2
L3 programming layer <2025-01-18>
 ***********
 ) 
Here is how much of TeX's memory you used:
 557 strings out of 473832
 10995 string characters out of 5719382
 397059 words of memory out of 5000000
 23675 multiletter control sequences out of 15000+600000
 562621 words of font info for 56 fonts, out of 8000000 for 9000
 1348 hyphenation exceptions out of 8191
 35i,6n,50p,261b,195s stack positions out of 10000i,1000n,20000p,200000b,200000s

Output written on tryfont.pdf (2 pages).
